<?xml version="1.0" encoding="UTF-8"?>
<coverage generated="1667935096749" clover="3.2.0">
  <project timestamp="1667935096749" name="All files">
    <metrics statements="9" coveredstatements="9" conditionals="0" coveredconditionals="0" methods="5" coveredmethods="5" elements="14" coveredelements="14" complexity="0" loc="9" ncloc="9" packages="1" files="4" classes="4"/>
    <file name="cloneArray.js" path="/Users/eib/Desktop/GIT REPOS/jest-unit-tests/js/cloneArray.js">
      <metrics statements="2" coveredstatements="2" conditionals="0" coveredconditionals="0" methods="1" coveredmethods="1"/>
      <line num="3" count="2" type="stmt"/>
      <line num="6" count="1" type="stmt"/>
    </file>
    <file name="fetchData.js" path="/Users/eib/Desktop/GIT REPOS/jest-unit-tests/js/fetchData.js">
      <metrics statements="3" coveredstatements="3" conditionals="0" coveredconditionals="0" methods="2" coveredmethods="2"/>
      <line num="2" count="1" type="stmt"/>
      <line num="5" count="1" type="stmt"/>
      <line num="26" count="1" type="stmt"/>
    </file>
    <file name="subtract.js" path="/Users/eib/Desktop/GIT REPOS/jest-unit-tests/js/subtract.js">
      <metrics statements="2" coveredstatements="2" conditionals="0" coveredconditionals="0" methods="1" coveredmethods="1"/>
      <line num="2" count="1" type="stmt"/>
      <line num="5" count="1" type="stmt"/>
    </file>
    <file name="sum.js" path="/Users/eib/Desktop/GIT REPOS/jest-unit-tests/js/sum.js">
      <metrics statements="2" coveredstatements="2" conditionals="0" coveredconditionals="0" methods="1" coveredmethods="1"/>
      <line num="2" count="1" type="stmt"/>
      <line num="5" count="1" type="stmt"/>
    </file>
  </project>
</coverage>
