{"/Users/eib/Desktop/GIT REPOS/jest-unit-tests/js/cloneArray.js": {"path":"/Users/eib/Desktop/GIT REPOS/jest-unit-tests/js/cloneArray.js","statementMap":{"0":{"start":{"line":3,"column":2},"end":{"line":3,"column":20}},"1":{"start":{"line":6,"column":0},"end":{"line":6,"column":28}}},"fnMap":{"0":{"name":"cloneArray","decl":{"start":{"line":2,"column":9},"end":{"line":2,"column":19}},"loc":{"start":{"line":2,"column":27},"end":{"line":4,"column":1}},"line":2}},"branchMap":{},"s":{"0":2,"1":1},"f":{"0":2},"b":{},"_coverageSchema":"1a1c01bbd47fc00a2c39e90264f33305004495a9","hash":"36e528a0e81db4905398faa2539e035ed952a70f"}
,"/Users/eib/Desktop/GIT REPOS/jest-unit-tests/js/fetchData.js": {"path":"/Users/eib/Desktop/GIT REPOS/jest-unit-tests/js/fetchData.js","statementMap":{"0":{"start":{"line":2,"column":2},"end":{"line":20,"column":5}},"1":{"start":{"line":5,"column":4},"end":{"line":19,"column":6}},"2":{"start":{"line":26,"column":0},"end":{"line":26,"column":27}}},"fnMap":{"0":{"name":"fetchData","decl":{"start":{"line":1,"column":15},"end":{"line":1,"column":24}},"loc":{"start":{"line":1,"column":33},"end":{"line":21,"column":1}},"line":1},"1":{"name":"(anonymous_1)","decl":{"start":{"line":2,"column":21},"end":{"line":2,"column":22}},"loc":{"start":{"line":2,"column":42},"end":{"line":20,"column":3}},"line":2}},"branchMap":{},"s":{"0":1,"1":1,"2":1},"f":{"0":1,"1":1},"b":{},"_coverageSchema":"1a1c01bbd47fc00a2c39e90264f33305004495a9","hash":"881662a7487ad181a9ab43333a72760e7df0d6cc"}
,"/Users/eib/Desktop/GIT REPOS/jest-unit-tests/js/subtract.js": {"path":"/Users/eib/Desktop/GIT REPOS/jest-unit-tests/js/subtract.js","statementMap":{"0":{"start":{"line":2,"column":2},"end":{"line":2,"column":15}},"1":{"start":{"line":5,"column":0},"end":{"line":5,"column":26}}},"fnMap":{"0":{"name":"subtract","decl":{"start":{"line":1,"column":9},"end":{"line":1,"column":17}},"loc":{"start":{"line":1,"column":24},"end":{"line":3,"column":1}},"line":1}},"branchMap":{},"s":{"0":1,"1":1},"f":{"0":1},"b":{},"_coverageSchema":"1a1c01bbd47fc00a2c39e90264f33305004495a9","hash":"f9e10534f79038f4ecfc297166e7505e5dff0498"}
,"/Users/eib/Desktop/GIT REPOS/jest-unit-tests/js/sum.js": {"path":"/Users/eib/Desktop/GIT REPOS/jest-unit-tests/js/sum.js","statementMap":{"0":{"start":{"line":2,"column":2},"end":{"line":2,"column":15}},"1":{"start":{"line":5,"column":0},"end":{"line":5,"column":21}}},"fnMap":{"0":{"name":"sum","decl":{"start":{"line":1,"column":9},"end":{"line":1,"column":12}},"loc":{"start":{"line":1,"column":19},"end":{"line":3,"column":1}},"line":1}},"branchMap":{},"s":{"0":1,"1":1},"f":{"0":1},"b":{},"_coverageSchema":"1a1c01bbd47fc00a2c39e90264f33305004495a9","hash":"12ffc59dc5b16fd1ddaba5a64297e687cbab7824"}
}
